app/build/outputs/logs/manifest-merger-debug-report.txt
-- Merging decision tree log ---
manifest
ADDED from src/main/AndroidManifest.xml:2:1-42:12
	xmlns:android
		ADDED from src/main/AndroidManifest.xml:2:11-69
	package
		ADDED from src/main/AndroidManifest.xml:3:5-39
		INJECTED from src/main/AndroidManifest.xml
		INJECTED from src/main/AndroidManifest.xml
	android:versionName
		INJECTED from src/main/AndroidManifest.xml
		INJECTED from src/main/AndroidManifest.xml
	android:versionCode
		INJECTED from src/main/AndroidManifest.xml
		INJECTED from src/main/AndroidManifest.xml
uses-permission#android.permission.INTERNET
ADDED from src/main/AndroidManifest.xml:5:5-67
MERGED from [com.parrot:arsdk:3.8.1] AndroidManifest.xml:11:5-67
	android:name
		ADDED from src/main/AndroidManifest.xml:5:22-64
uses-permission#android.permission.BLUETOOTH
ADDED from src/main/AndroidManifest.xml:6:5-68
MERGED from [com.parrot:arsdk:3.8.1] AndroidManifest.xml:12:5-68
	android:name
		ADDED from src/main/AndroidManifest.xml:6:22-65
uses-permission#android.permission.BLUETOOTH_ADMIN
ADDED from src/main/AndroidManifest.xml:7:5-74
MERGED from [com.parrot:arsdk:3.8.1] AndroidManifest.xml:13:5-74
	android:name
		ADDED from src/main/AndroidManifest.xml:7:22-71
uses-permission#android.permission.ACCESS_NETWORK_STATE
ADDED from src/main/AndroidManifest.xml:8:5-79
MERGED from [com.parrot:arsdk:3.8.1] AndroidManifest.xml:14:5-79
	android:name
		ADDED from src/main/AndroidManifest.xml:8:22-76
uses-permission#android.permission.ACCESS_WIFI_STATE
ADDED from src/main/AndroidManifest.xml:9:5-76
MERGED from [com.parrot:arsdk:3.8.1] AndroidManifest.xml:15:5-76
MERGED from [com.parrot:libARDiscovery:3.8.1] AndroidManifest.xml:12:5-76
MERGED from [com.parrot:libARDiscovery:3.8.1] AndroidManifest.xml:12:5-76
MERGED from [com.parrot:libARDiscovery:3.8.1] AndroidManifest.xml:12:5-76
MERGED from [com.parrot:libARDiscovery:3.8.1] AndroidManifest.xml:12:5-76
MERGED from [com.parrot:libARDiscovery:3.8.1] AndroidManifest.xml:12:5-76
MERGED from [com.parrot:libARDiscovery:3.8.1] AndroidManifest.xml:12:5-76
	android:name
		ADDED from src/main/AndroidManifest.xml:9:22-73
uses-permission#android.permission.CHANGE_WIFI_MULTICAST_STATE
ADDED from src/main/AndroidManifest.xml:10:5-86
MERGED from [com.parrot:arsdk:3.8.1] AndroidManifest.xml:16:5-86
MERGED from [com.parrot:libARDiscovery:3.8.1] AndroidManifest.xml:11:5-86
MERGED from [com.parrot:libARDiscovery:3.8.1] AndroidManifest.xml:11:5-86
MERGED from [com.parrot:libARDiscovery:3.8.1] AndroidManifest.xml:11:5-86
MERGED from [com.parrot:libARDiscovery:3.8.1] AndroidManifest.xml:11:5-86
MERGED from [com.parrot:libARDiscovery:3.8.1] AndroidManifest.xml:11:5-86
MERGED from [com.parrot:libARDiscovery:3.8.1] AndroidManifest.xml:11:5-86
	android:name
		ADDED from src/main/AndroidManifest.xml:10:22-83
uses-permission#android.permission.WRITE_EXTERNAL_STORAGE
ADDED from src/main/AndroidManifest.xml:11:5-80
	android:name
		ADDED from src/main/AndroidManifest.xml:11:22-78
uses-feature#android.hardware.usb.host
ADDED from src/main/AndroidManifest.xml:12:5-61
	android:name
		ADDED from src/main/AndroidManifest.xml:12:19-59
application
ADDED from src/main/AndroidManifest.xml:15:5-40:19
MERGED from [com.android.support:appcompat-v7:23.1.1] AndroidManifest.xml:22:5-20
MERGED from [com.android.support:support-v4:23.1.1] AndroidManifest.xml:22:5-20
MERGED from [com.android.support:design:23.1.1] AndroidManifest.xml:22:5-20
MERGED from [com.android.support:appcompat-v7:23.1.1] AndroidManifest.xml:22:5-20
MERGED from [com.android.support:support-v4:23.1.1] AndroidManifest.xml:22:5-20
MERGED from [com.android.support:support-v4:23.1.1] AndroidManifest.xml:22:5-20
MERGED from [com.android.support:support-v4:23.1.1] AndroidManifest.xml:22:5-20
MERGED from [com.parrot:arsdk:3.8.1] AndroidManifest.xml:18:5-23:19
MERGED from [com.android.support:support-v4:23.1.1] AndroidManifest.xml:22:5-20
MERGED from [com.android.support:support-v4:23.1.1] AndroidManifest.xml:22:5-20
MERGED from [com.android.support:support-v4:23.1.1] AndroidManifest.xml:22:5-20
MERGED from [com.android.support:support-v4:23.1.1] AndroidManifest.xml:22:5-20
MERGED from [com.android.support:appcompat-v7:23.1.1] AndroidManifest.xml:22:5-20
MERGED from [com.android.support:support-v4:23.1.1] AndroidManifest.xml:22:5-20
MERGED from [com.android.support:support-v4:23.1.1] AndroidManifest.xml:22:5-20
MERGED from [com.android.support:support-v4:23.1.1] AndroidManifest.xml:22:5-20
	android:supportsRtl
		ADDED from src/main/AndroidManifest.xml:19:9-35
	android:label
		ADDED from src/main/AndroidManifest.xml:18:9-41
	android:allowBackup
		ADDED from src/main/AndroidManifest.xml:16:9-35
	android:icon
		ADDED from src/main/AndroidManifest.xml:17:9-43
	android:theme
		ADDED from src/main/AndroidManifest.xml:20:9-40
activity#com.example.drone.flight.FlightActivity
ADDED from src/main/AndroidManifest.xml:21:9-30:20
	android:label
		ADDED from src/main/AndroidManifest.xml:23:13-45
	android:theme
		ADDED from src/main/AndroidManifest.xml:24:13-56
	android:name
		ADDED from src/main/AndroidManifest.xml:22:13-43
intent-filter#android.intent.action.MAIN+android.intent.category.LAUNCHER
ADDED from src/main/AndroidManifest.xml:25:13-29:29
action#android.intent.action.MAIN
ADDED from src/main/AndroidManifest.xml:26:17-69
	android:name
		ADDED from src/main/AndroidManifest.xml:26:25-66
category#android.intent.category.LAUNCHER
ADDED from src/main/AndroidManifest.xml:28:17-77
	android:name
		ADDED from src/main/AndroidManifest.xml:28:27-74
activity#com.example.drone.flight.ControlActivity
ADDED from src/main/AndroidManifest.xml:31:9-36:20
	android:screenOrientation
		ADDED from src/main/AndroidManifest.xml:34:13-50
	android:label
		ADDED from src/main/AndroidManifest.xml:33:13-45
	android:name
		ADDED from src/main/AndroidManifest.xml:32:13-44
service#com.parrot.arsdk.ardiscovery.ARDiscoveryService
ADDED from src/main/AndroidManifest.xml:38:9-83
MERGED from [com.parrot:arsdk:3.8.1] AndroidManifest.xml:22:9-83
	android:name
		ADDED from src/main/AndroidManifest.xml:38:18-80
uses-sdk
INJECTED from src/main/AndroidManifest.xml reason: use-sdk injection requested
MERGED from [com.android.support:appcompat-v7:23.1.1] AndroidManifest.xml:20:5-43
MERGED from [com.android.support:support-v4:23.1.1] AndroidManifest.xml:20:5-43
MERGED from [com.android.support:design:23.1.1] AndroidManifest.xml:20:5-43
MERGED from [com.android.support:appcompat-v7:23.1.1] AndroidManifest.xml:20:5-43
MERGED from [com.android.support:support-v4:23.1.1] AndroidManifest.xml:20:5-43
MERGED from [com.android.support:recyclerview-v7:23.1.1] AndroidManifest.xml:20:5-43
MERGED from [com.android.support:support-v4:23.1.1] AndroidManifest.xml:20:5-43
MERGED from [com.android.support:support-v4:23.1.1] AndroidManifest.xml:20:5-43
MERGED from [com.parrot:arsdk:3.8.1] AndroidManifest.xml:7:5-9:41
MERGED from [com.parrot:libARStream2:3.8.1] AndroidManifest.xml:7:5-9:41
MERGED from [com.parrot:libARSAL:3.8.1] AndroidManifest.xml:7:5-9:41
MERGED from [com.parrot:libARController:3.8.1] AndroidManifest.xml:7:5-9:41
MERGED from [com.parrot:libARSAL:3.8.1] AndroidManifest.xml:7:5-9:41
MERGED from [com.parrot:libARCommands:3.8.1] AndroidManifest.xml:7:5-9:41
MERGED from [com.parrot:libARSAL:3.8.1] AndroidManifest.xml:7:5-9:41
MERGED from [com.parrot:libARDiscovery:3.8.1] AndroidManifest.xml:7:5-9:41
MERGED from [com.parrot:libARNetworkAL:3.8.1] AndroidManifest.xml:7:5-9:41
MERGED from [com.parrot:libARSAL:3.8.1] AndroidManifest.xml:7:5-9:41
MERGED from [com.android.support:support-v4:23.1.1] AndroidManifest.xml:20:5-43
MERGED from [com.parrot:libARSAL:3.8.1] AndroidManifest.xml:7:5-9:41
MERGED from [com.parrot:libARNetworkAL:3.8.1] AndroidManifest.xml:7:5-9:41
MERGED from [com.parrot:libARSAL:3.8.1] AndroidManifest.xml:7:5-9:41
MERGED from [com.parrot:libARDataTransfer:3.8.1] AndroidManifest.xml:7:5-9:41
MERGED from [com.parrot:libARSAL:3.8.1] AndroidManifest.xml:7:5-9:41
MERGED from [com.parrot:libARUtils:3.8.1] AndroidManifest.xml:7:5-9:41
MERGED from [com.parrot:libARNetworkAL:3.8.1] AndroidManifest.xml:7:5-9:41
MERGED from [com.parrot:libARSAL:3.8.1] AndroidManifest.xml:7:5-9:41
MERGED from [com.parrot:libARSAL:3.8.1] AndroidManifest.xml:7:5-9:41
MERGED from [com.parrot:libARDiscovery:3.8.1] AndroidManifest.xml:7:5-9:41
MERGED from [com.parrot:libARNetworkAL:3.8.1] AndroidManifest.xml:7:5-9:41
MERGED from [com.parrot:libARSAL:3.8.1] AndroidManifest.xml:7:5-9:41
MERGED from [com.android.support:support-v4:23.1.1] AndroidManifest.xml:20:5-43
MERGED from [com.parrot:libARSAL:3.8.1] AndroidManifest.xml:7:5-9:41
MERGED from [com.parrot:libARMedia:3.8.1] AndroidManifest.xml:7:5-9:41
MERGED from [com.parrot:libARDataTransfer:3.8.1] AndroidManifest.xml:7:5-9:41
MERGED from [com.parrot:libARSAL:3.8.1] AndroidManifest.xml:7:5-9:41
MERGED from [com.parrot:libARUtils:3.8.1] AndroidManifest.xml:7:5-9:41
MERGED from [com.parrot:libARNetworkAL:3.8.1] AndroidManifest.xml:7:5-9:41
MERGED from [com.parrot:libARSAL:3.8.1] AndroidManifest.xml:7:5-9:41
MERGED from [com.parrot:libARSAL:3.8.1] AndroidManifest.xml:7:5-9:41
MERGED from [com.parrot:libARDiscovery:3.8.1] AndroidManifest.xml:7:5-9:41
MERGED from [com.parrot:libARNetworkAL:3.8.1] AndroidManifest.xml:7:5-9:41
MERGED from [com.parrot:libARSAL:3.8.1] AndroidManifest.xml:7:5-9:41
MERGED from [com.android.support:support-v4:23.1.1] AndroidManifest.xml:20:5-43
MERGED from [com.parrot:libARSAL:3.8.1] AndroidManifest.xml:7:5-9:41
MERGED from [com.parrot:libARSAL:3.8.1] AndroidManifest.xml:7:5-9:41
MERGED from [com.parrot:libARDiscovery:3.8.1] AndroidManifest.xml:7:5-9:41
MERGED from [com.parrot:libARNetworkAL:3.8.1] AndroidManifest.xml:7:5-9:41
MERGED from [com.parrot:libARSAL:3.8.1] AndroidManifest.xml:7:5-9:41
MERGED from [com.android.support:support-v4:23.1.1] AndroidManifest.xml:20:5-43
MERGED from [com.parrot:libARSAL:3.8.1] AndroidManifest.xml:7:5-9:41
MERGED from [com.parrot:libARSAL:3.8.1] AndroidManifest.xml:7:5-9:41
MERGED from [com.parrot:libARUtils:3.8.1] AndroidManifest.xml:7:5-9:41
MERGED from [com.parrot:libARNetworkAL:3.8.1] AndroidManifest.xml:7:5-9:41
MERGED from [com.parrot:libARSAL:3.8.1] AndroidManifest.xml:7:5-9:41
MERGED from [com.parrot:libARSAL:3.8.1] AndroidManifest.xml:7:5-9:41
MERGED from [com.android.support:appcompat-v7:23.1.1] AndroidManifest.xml:20:5-43
MERGED from [com.android.support:support-v4:23.1.1] AndroidManifest.xml:20:5-43
MERGED from [com.parrot:libARNetwork:3.8.1] AndroidManifest.xml:7:5-9:41
MERGED from [com.parrot:libARNetworkAL:3.8.1] AndroidManifest.xml:7:5-9:41
MERGED from [com.parrot:libARSAL:3.8.1] AndroidManifest.xml:7:5-9:41
MERGED from [com.parrot:libARSAL:3.8.1] AndroidManifest.xml:7:5-9:41
MERGED from [com.parrot:libARMavlink:3.8.1] AndroidManifest.xml:7:5-9:41
MERGED from [com.parrot:libARSAL:3.8.1] AndroidManifest.xml:7:5-9:41
MERGED from [com.parrot:libARCommands:3.8.1] AndroidManifest.xml:7:5-9:41
MERGED from [com.parrot:libARSAL:3.8.1] AndroidManifest.xml:7:5-9:41
MERGED from [com.parrot:libARDiscovery:3.8.1] AndroidManifest.xml:7:5-9:41
MERGED from [com.parrot:libARNetworkAL:3.8.1] AndroidManifest.xml:7:5-9:41
MERGED from [com.parrot:libARSAL:3.8.1] AndroidManifest.xml:7:5-9:41
MERGED from [com.android.support:support-v4:23.1.1] AndroidManifest.xml:20:5-43
MERGED from [com.parrot:libARSAL:3.8.1] AndroidManifest.xml:7:5-9:41
MERGED from [com.parrot:libARUpdater:3.8.1] AndroidManifest.xml:7:5-9:41
MERGED from [com.parrot:libARSAL:3.8.1] AndroidManifest.xml:7:5-9:41
MERGED from [com.parrot:libARUtils:3.8.1] AndroidManifest.xml:7:5-9:41
MERGED from [com.parrot:libARNetworkAL:3.8.1] AndroidManifest.xml:7:5-9:41
MERGED from [com.parrot:libARSAL:3.8.1] AndroidManifest.xml:7:5-9:41
MERGED from [com.parrot:libARSAL:3.8.1] AndroidManifest.xml:7:5-9:41
MERGED from [com.parrot:libARDiscovery:3.8.1] AndroidManifest.xml:7:5-9:41
MERGED from [com.parrot:libARNetworkAL:3.8.1] AndroidManifest.xml:7:5-9:41
MERGED from [com.parrot:libARSAL:3.8.1] AndroidManifest.xml:7:5-9:41
MERGED from [com.android.support:support-v4:23.1.1] AndroidManifest.xml:20:5-43
MERGED from [com.parrot:libARSAL:3.8.1] AndroidManifest.xml:7:5-9:41
MERGED from [com.parrot:libARStream:3.8.1] AndroidManifest.xml:7:5-9:41
MERGED from [com.parrot:libARNetwork:3.8.1] AndroidManifest.xml:7:5-9:41
MERGED from [com.parrot:libARNetworkAL:3.8.1] AndroidManifest.xml:7:5-9:41
MERGED from [com.parrot:libARSAL:3.8.1] AndroidManifest.xml:7:5-9:41
MERGED from [com.parrot:libARSAL:3.8.1] AndroidManifest.xml:7:5-9:41
MERGED from [com.parrot:libARSAL:3.8.1] AndroidManifest.xml:7:5-9:41
MERGED from [Flight.libraries:opencv:unspecified] AndroidManifest.xml:7:5-9:41
	android:targetSdkVersion
		INJECTED from src/main/AndroidManifest.xml
		INJECTED from src/main/AndroidManifest.xml
	android:minSdkVersion
		INJECTED from src/main/AndroidManifest.xml
		INJECTED from src/main/AndroidManifest.xml